{"C:\\Shira\\SCE_2024\\SCE_backend\\src\\App.ts": {"path":"C:\\Shira\\SCE_2024\\SCE_backend\\src\\App.ts","statementMap":{"0":{"start":{"line":1,"column":0},"end":{"line":1,"column":41}},"1":{"start":{"line":2,"column":12},"end":{"line":2,"column":21}},"2":{"start":{"line":3,"column":0},"end":{"line":3,"column":28}},"3":{"start":{"line":4,"column":0},"end":{"line":4,"column":16}},"4":{"start":{"line":5,"column":0},"end":{"line":5,"column":32}},"5":{"start":{"line":6,"column":0},"end":{"line":6,"column":44}},"6":{"start":{"line":7,"column":0},"end":{"line":7,"column":50}},"7":{"start":{"line":8,"column":0},"end":{"line":8,"column":44}},"8":{"start":{"line":9,"column":0},"end":{"line":9,"column":37}},"9":{"start":{"line":11,"column":16},"end":{"line":26,"column":1}},"10":{"start":{"line":12,"column":20},"end":{"line":24,"column":6}},"11":{"start":{"line":13,"column":19},"end":{"line":13,"column":38}},"12":{"start":{"line":14,"column":8},"end":{"line":14,"column":50}},"13":{"start":{"line":14,"column":32},"end":{"line":14,"column":48}},"14":{"start":{"line":15,"column":8},"end":{"line":15,"column":65}},"15":{"start":{"line":15,"column":30},"end":{"line":15,"column":63}},"16":{"start":{"line":16,"column":8},"end":{"line":23,"column":11}},"17":{"start":{"line":17,"column":12},"end":{"line":17,"column":39}},"18":{"start":{"line":18,"column":12},"end":{"line":18,"column":63}},"19":{"start":{"line":19,"column":12},"end":{"line":19,"column":46}},"20":{"start":{"line":20,"column":12},"end":{"line":20,"column":40}},"21":{"start":{"line":21,"column":12},"end":{"line":21,"column":40}},"22":{"start":{"line":22,"column":12},"end":{"line":22,"column":25}},"23":{"start":{"line":25,"column":4},"end":{"line":25,"column":19}},"24":{"start":{"line":27,"column":0},"end":{"line":27,"column":23}}},"fnMap":{"0":{"name":"(anonymous_1)","decl":{"start":{"line":11,"column":16},"end":{"line":11,"column":19}},"loc":{"start":{"line":11,"column":21},"end":{"line":26,"column":1}}},"1":{"name":"(anonymous_2)","decl":{"start":{"line":12,"column":41},"end":{"line":12,"column":42}},"loc":{"start":{"line":12,"column":53},"end":{"line":24,"column":5}}},"2":{"name":"(anonymous_3)","decl":{"start":{"line":14,"column":23},"end":{"line":14,"column":24}},"loc":{"start":{"line":14,"column":32},"end":{"line":14,"column":48}}},"3":{"name":"(anonymous_4)","decl":{"start":{"line":15,"column":24},"end":{"line":15,"column":27}},"loc":{"start":{"line":15,"column":30},"end":{"line":15,"column":63}}},"4":{"name":"(anonymous_5)","decl":{"start":{"line":16,"column":56},"end":{"line":16,"column":59}},"loc":{"start":{"line":16,"column":61},"end":{"line":23,"column":9}}}},"branchMap":{},"s":{"0":3,"1":3,"2":3,"3":3,"4":3,"5":3,"6":3,"7":3,"8":3,"9":3,"10":3,"11":3,"12":3,"13":0,"14":3,"15":3,"16":3,"17":3,"18":3,"19":3,"20":3,"21":3,"22":3,"23":3,"24":3},"f":{"0":3,"1":3,"2":0,"3":3,"4":3},"b":{}}
,"C:\\Shira\\SCE_2024\\SCE_backend\\src\\common\\auth_middleware.ts": {"path":"C:\\Shira\\SCE_2024\\SCE_backend\\src\\common\\auth_middleware.ts","statementMap":{"0":{"start":{"line":2,"column":0},"end":{"line":2,"column":31}},"1":{"start":{"line":4,"column":23},"end":{"line":20,"column":null}},"2":{"start":{"line":4,"column":81},"end":{"line":20,"column":null}},"3":{"start":{"line":5,"column":4},"end":{"line":5,"column":35}},"4":{"start":{"line":6,"column":23},"end":{"line":6,"column":51}},"5":{"start":{"line":7,"column":18},"end":{"line":7,"column":56}},"6":{"start":{"line":9,"column":4},"end":{"line":11,"column":5}},"7":{"start":{"line":10,"column":8},"end":{"line":10,"column":53}},"8":{"start":{"line":13,"column":4},"end":{"line":19,"column":7}},"9":{"start":{"line":14,"column":8},"end":{"line":16,"column":9}},"10":{"start":{"line":15,"column":12},"end":{"line":15,"column":57}},"11":{"start":{"line":17,"column":8},"end":{"line":17,"column":29}},"12":{"start":{"line":18,"column":8},"end":{"line":18,"column":15}},"13":{"start":{"line":22,"column":0},"end":{"line":22,"column":30}}},"fnMap":{"0":{"name":"(anonymous_8)","decl":{"start":{"line":4,"column":23},"end":{"line":4,"column":30}},"loc":{"start":{"line":4,"column":81},"end":{"line":20,"column":null}}},"1":{"name":"(anonymous_9)","decl":{"start":{"line":4,"column":81},"end":{"line":4,"column":null}},"loc":{"start":{"line":4,"column":81},"end":{"line":20,"column":1}}},"2":{"name":"(anonymous_10)","decl":{"start":{"line":13,"column":48},"end":{"line":13,"column":49}},"loc":{"start":{"line":13,"column":62},"end":{"line":19,"column":5}}}},"branchMap":{"0":{"loc":{"start":{"line":7,"column":18},"end":{"line":7,"column":56}},"type":"binary-expr","locations":[{"start":{"line":7,"column":18},"end":{"line":7,"column":28}},{"start":{"line":7,"column":32},"end":{"line":7,"column":56}}]},"1":{"loc":{"start":{"line":9,"column":4},"end":{"line":11,"column":5}},"type":"if","locations":[{"start":{"line":9,"column":4},"end":{"line":11,"column":5}}]},"2":{"loc":{"start":{"line":14,"column":8},"end":{"line":16,"column":9}},"type":"if","locations":[{"start":{"line":14,"column":8},"end":{"line":16,"column":9}}]}},"s":{"0":3,"1":3,"2":13,"3":13,"4":13,"5":13,"6":13,"7":0,"8":13,"9":13,"10":2,"11":11,"12":11,"13":3},"f":{"0":13,"1":13,"2":13},"b":{"0":[13,13],"1":[0],"2":[2]}}
,"C:\\Shira\\SCE_2024\\SCE_backend\\src\\controllers\\auth_controller.ts": {"path":"C:\\Shira\\SCE_2024\\SCE_backend\\src\\controllers\\auth_controller.ts","statementMap":{"0":{"start":{"line":2,"column":0},"end":{"line":2,"column":40}},"1":{"start":{"line":3,"column":0},"end":{"line":3,"column":28}},"2":{"start":{"line":4,"column":0},"end":{"line":4,"column":31}},"3":{"start":{"line":6,"column":17},"end":{"line":33,"column":null}},"4":{"start":{"line":6,"column":55},"end":{"line":33,"column":null}},"5":{"start":{"line":7,"column":4},"end":{"line":7,"column":26}},"6":{"start":{"line":8,"column":18},"end":{"line":8,"column":32}},"7":{"start":{"line":9,"column":21},"end":{"line":9,"column":38}},"8":{"start":{"line":11,"column":4},"end":{"line":13,"column":5}},"9":{"start":{"line":12,"column":8},"end":{"line":12,"column":65}},"10":{"start":{"line":15,"column":4},"end":{"line":32,"column":5}},"11":{"start":{"line":16,"column":21},"end":{"line":16,"column":57}},"12":{"start":{"line":17,"column":8},"end":{"line":19,"column":9}},"13":{"start":{"line":18,"column":12},"end":{"line":18,"column":63}},"14":{"start":{"line":20,"column":21},"end":{"line":20,"column":45}},"15":{"start":{"line":21,"column":31},"end":{"line":21,"column":64}},"16":{"start":{"line":23,"column":24},"end":{"line":26,"column":10}},"17":{"start":{"line":28,"column":8},"end":{"line":28,"column":45}},"18":{"start":{"line":30,"column":8},"end":{"line":30,"column":27}},"19":{"start":{"line":31,"column":8},"end":{"line":31,"column":51}},"20":{"start":{"line":36,"column":23},"end":{"line":52,"column":1}},"21":{"start":{"line":37,"column":24},"end":{"line":41,"column":6}},"22":{"start":{"line":43,"column":25},"end":{"line":46,"column":40}},"23":{"start":{"line":48,"column":4},"end":{"line":51,"column":null}},"24":{"start":{"line":54,"column":14},"end":{"line":92,"column":null}},"25":{"start":{"line":54,"column":52},"end":{"line":92,"column":null}},"26":{"start":{"line":55,"column":4},"end":{"line":55,"column":25}},"27":{"start":{"line":57,"column":18},"end":{"line":57,"column":32}},"28":{"start":{"line":58,"column":21},"end":{"line":58,"column":38}},"29":{"start":{"line":60,"column":4},"end":{"line":62,"column":5}},"30":{"start":{"line":61,"column":8},"end":{"line":61,"column":65}},"31":{"start":{"line":64,"column":4},"end":{"line":91,"column":5}},"32":{"start":{"line":65,"column":21},"end":{"line":65,"column":57}},"33":{"start":{"line":67,"column":8},"end":{"line":69,"column":9}},"34":{"start":{"line":68,"column":12},"end":{"line":68,"column":69}},"35":{"start":{"line":71,"column":22},"end":{"line":71,"column":67}},"36":{"start":{"line":72,"column":8},"end":{"line":74,"column":9}},"37":{"start":{"line":73,"column":12},"end":{"line":73,"column":69}},"38":{"start":{"line":76,"column":46},"end":{"line":76,"column":81}},"39":{"start":{"line":78,"column":8},"end":{"line":82,"column":9}},"40":{"start":{"line":79,"column":12},"end":{"line":79,"column":41}},"41":{"start":{"line":81,"column":12},"end":{"line":81,"column":43}},"42":{"start":{"line":83,"column":8},"end":{"line":83,"column":26}},"43":{"start":{"line":84,"column":8},"end":{"line":87,"column":11}},"44":{"start":{"line":89,"column":8},"end":{"line":89,"column":27}},"45":{"start":{"line":90,"column":8},"end":{"line":90,"column":51}},"46":{"start":{"line":94,"column":15},"end":{"line":96,"column":1}},"47":{"start":{"line":95,"column":4},"end":{"line":95,"column":35}},"48":{"start":{"line":98,"column":16},"end":{"line":141,"column":null}},"49":{"start":{"line":98,"column":54},"end":{"line":141,"column":null}},"50":{"start":{"line":100,"column":23},"end":{"line":100,"column":51}},"51":{"start":{"line":101,"column":29},"end":{"line":101,"column":67}},"52":{"start":{"line":103,"column":4},"end":{"line":105,"column":5}},"53":{"start":{"line":104,"column":8},"end":{"line":104,"column":53}},"54":{"start":{"line":108,"column":4},"end":{"line":140,"column":7}},"55":{"start":{"line":108,"column":108},"end":{"line":140,"column":6}},"56":{"start":{"line":109,"column":8},"end":{"line":111,"column":9}},"57":{"start":{"line":110,"column":12},"end":{"line":110,"column":57}},"58":{"start":{"line":113,"column":8},"end":{"line":139,"column":9}},"59":{"start":{"line":114,"column":25},"end":{"line":114,"column":58}},"60":{"start":{"line":115,"column":12},"end":{"line":121,"column":13}},"61":{"start":{"line":116,"column":16},"end":{"line":119,"column":17}},"62":{"start":{"line":117,"column":20},"end":{"line":117,"column":37}},"63":{"start":{"line":118,"column":20},"end":{"line":118,"column":38}},"64":{"start":{"line":120,"column":16},"end":{"line":120,"column":61}},"65":{"start":{"line":124,"column":50},"end":{"line":124,"column":85}},"66":{"start":{"line":127,"column":12},"end":{"line":127,"column":81}},"67":{"start":{"line":127,"column":54},"end":{"line":127,"column":79}},"68":{"start":{"line":128,"column":12},"end":{"line":128,"column":43}},"69":{"start":{"line":129,"column":12},"end":{"line":129,"column":30}},"70":{"start":{"line":132,"column":12},"end":{"line":135,"column":15}},"71":{"start":{"line":137,"column":12},"end":{"line":137,"column":31}},"72":{"start":{"line":138,"column":12},"end":{"line":138,"column":55}},"73":{"start":{"line":143,"column":0},"end":{"line":148,"column":null}}},"fnMap":{"0":{"name":"(anonymous_8)","decl":{"start":{"line":6,"column":17},"end":{"line":6,"column":24}},"loc":{"start":{"line":6,"column":55},"end":{"line":33,"column":null}}},"1":{"name":"(anonymous_9)","decl":{"start":{"line":6,"column":55},"end":{"line":6,"column":null}},"loc":{"start":{"line":6,"column":55},"end":{"line":33,"column":1}}},"2":{"name":"(anonymous_10)","decl":{"start":{"line":36,"column":23},"end":{"line":36,"column":24}},"loc":{"start":{"line":36,"column":89},"end":{"line":52,"column":1}}},"3":{"name":"(anonymous_11)","decl":{"start":{"line":54,"column":14},"end":{"line":54,"column":21}},"loc":{"start":{"line":54,"column":52},"end":{"line":92,"column":null}}},"4":{"name":"(anonymous_12)","decl":{"start":{"line":54,"column":52},"end":{"line":54,"column":null}},"loc":{"start":{"line":54,"column":52},"end":{"line":92,"column":1}}},"5":{"name":"(anonymous_13)","decl":{"start":{"line":94,"column":15},"end":{"line":94,"column":16}},"loc":{"start":{"line":94,"column":47},"end":{"line":96,"column":1}}},"6":{"name":"(anonymous_14)","decl":{"start":{"line":98,"column":16},"end":{"line":98,"column":23}},"loc":{"start":{"line":98,"column":54},"end":{"line":141,"column":null}}},"7":{"name":"(anonymous_15)","decl":{"start":{"line":98,"column":54},"end":{"line":98,"column":null}},"loc":{"start":{"line":98,"column":54},"end":{"line":141,"column":1}}},"8":{"name":"(anonymous_16)","decl":{"start":{"line":108,"column":67},"end":{"line":108,"column":74}},"loc":{"start":{"line":108,"column":108},"end":{"line":140,"column":6}}},"9":{"name":"(anonymous_17)","decl":{"start":{"line":108,"column":108},"end":{"line":108,"column":null}},"loc":{"start":{"line":108,"column":108},"end":{"line":140,"column":5}}},"10":{"name":"(anonymous_18)","decl":{"start":{"line":127,"column":45},"end":{"line":127,"column":50}},"loc":{"start":{"line":127,"column":54},"end":{"line":127,"column":79}}}},"branchMap":{"0":{"loc":{"start":{"line":11,"column":4},"end":{"line":13,"column":5}},"type":"if","locations":[{"start":{"line":11,"column":4},"end":{"line":13,"column":5}}]},"1":{"loc":{"start":{"line":11,"column":8},"end":{"line":11,"column":41}},"type":"binary-expr","locations":[{"start":{"line":11,"column":8},"end":{"line":11,"column":21}},{"start":{"line":11,"column":25},"end":{"line":11,"column":41}}]},"2":{"loc":{"start":{"line":17,"column":8},"end":{"line":19,"column":9}},"type":"if","locations":[{"start":{"line":17,"column":8},"end":{"line":19,"column":9}}]},"3":{"loc":{"start":{"line":60,"column":4},"end":{"line":62,"column":5}},"type":"if","locations":[{"start":{"line":60,"column":4},"end":{"line":62,"column":5}}]},"4":{"loc":{"start":{"line":60,"column":8},"end":{"line":60,"column":41}},"type":"binary-expr","locations":[{"start":{"line":60,"column":8},"end":{"line":60,"column":21}},{"start":{"line":60,"column":25},"end":{"line":60,"column":41}}]},"5":{"loc":{"start":{"line":67,"column":8},"end":{"line":69,"column":9}},"type":"if","locations":[{"start":{"line":67,"column":8},"end":{"line":69,"column":9}}]},"6":{"loc":{"start":{"line":72,"column":8},"end":{"line":74,"column":9}},"type":"if","locations":[{"start":{"line":72,"column":8},"end":{"line":74,"column":9}}]},"7":{"loc":{"start":{"line":78,"column":8},"end":{"line":82,"column":9}},"type":"if","locations":[{"start":{"line":78,"column":8},"end":{"line":82,"column":9}},{"start":{"line":80,"column":15},"end":{"line":82,"column":9}}]},"8":{"loc":{"start":{"line":101,"column":29},"end":{"line":101,"column":67}},"type":"binary-expr","locations":[{"start":{"line":101,"column":29},"end":{"line":101,"column":39}},{"start":{"line":101,"column":43},"end":{"line":101,"column":67}}]},"9":{"loc":{"start":{"line":103,"column":4},"end":{"line":105,"column":5}},"type":"if","locations":[{"start":{"line":103,"column":4},"end":{"line":105,"column":5}}]},"10":{"loc":{"start":{"line":109,"column":8},"end":{"line":111,"column":9}},"type":"if","locations":[{"start":{"line":109,"column":8},"end":{"line":111,"column":9}}]},"11":{"loc":{"start":{"line":115,"column":12},"end":{"line":121,"column":13}},"type":"if","locations":[{"start":{"line":115,"column":12},"end":{"line":121,"column":13}}]},"12":{"loc":{"start":{"line":115,"column":16},"end":{"line":115,"column":94}},"type":"binary-expr","locations":[{"start":{"line":115,"column":16},"end":{"line":115,"column":28}},{"start":{"line":115,"column":32},"end":{"line":115,"column":51}},{"start":{"line":115,"column":55},"end":{"line":115,"column":94}}]},"13":{"loc":{"start":{"line":116,"column":16},"end":{"line":119,"column":17}},"type":"if","locations":[{"start":{"line":116,"column":16},"end":{"line":119,"column":17}}]}},"s":{"0":3,"1":3,"2":3,"3":3,"4":3,"5":3,"6":3,"7":3,"8":3,"9":0,"10":3,"11":3,"12":3,"13":0,"14":3,"15":3,"16":3,"17":3,"18":0,"19":0,"20":3,"21":7,"22":7,"23":7,"24":3,"25":4,"26":4,"27":4,"28":4,"29":4,"30":0,"31":4,"32":4,"33":4,"34":0,"35":4,"36":4,"37":0,"38":4,"39":4,"40":0,"41":4,"42":4,"43":4,"44":0,"45":0,"46":3,"47":0,"48":3,"49":5,"50":5,"51":5,"52":5,"53":0,"54":5,"55":5,"56":5,"57":0,"58":5,"59":5,"60":5,"61":2,"62":2,"63":2,"64":2,"65":3,"66":3,"67":6,"68":3,"69":3,"70":3,"71":0,"72":0,"73":3},"f":{"0":3,"1":3,"2":7,"3":4,"4":4,"5":0,"6":5,"7":5,"8":5,"9":5,"10":6},"b":{"0":[0],"1":[3,3],"2":[0],"3":[0],"4":[4,4],"5":[0],"6":[0],"7":[0,4],"8":[5,5],"9":[0],"10":[0],"11":[2],"12":[5,5,5],"13":[2]}}
,"C:\\Shira\\SCE_2024\\SCE_backend\\src\\controllers\\base_controller.ts": {"path":"C:\\Shira\\SCE_2024\\SCE_backend\\src\\controllers\\base_controller.ts","statementMap":{"0":{"start":{"line":7,"column":8},"end":{"line":7,"column":35}},"1":{"start":{"line":10,"column":8},"end":{"line":10,"column":27}},"2":{"start":{"line":11,"column":8},"end":{"line":22,"column":9}},"3":{"start":{"line":12,"column":10},"end":{"line":18,"column":11}},"4":{"start":{"line":13,"column":26},"end":{"line":13,"column":77}},"5":{"start":{"line":14,"column":13},"end":{"line":14,"column":40}},"6":{"start":{"line":16,"column":27},"end":{"line":16,"column":54}},"7":{"start":{"line":17,"column":14},"end":{"line":17,"column":41}},"8":{"start":{"line":20,"column":10},"end":{"line":20,"column":29}},"9":{"start":{"line":21,"column":10},"end":{"line":21,"column":46}},"10":{"start":{"line":26,"column":8},"end":{"line":26,"column":32}},"11":{"start":{"line":27,"column":8},"end":{"line":38,"column":9}},"12":{"start":{"line":28,"column":23},"end":{"line":28,"column":67}},"13":{"start":{"line":29,"column":10},"end":{"line":34,"column":11}},"14":{"start":{"line":30,"column":12},"end":{"line":30,"column":46}},"15":{"start":{"line":33,"column":12},"end":{"line":33,"column":39}},"16":{"start":{"line":36,"column":10},"end":{"line":36,"column":29}},"17":{"start":{"line":37,"column":10},"end":{"line":37,"column":46}},"18":{"start":{"line":42,"column":8},"end":{"line":42,"column":30}},"19":{"start":{"line":43,"column":8},"end":{"line":49,"column":9}},"20":{"start":{"line":44,"column":23},"end":{"line":44,"column":60}},"21":{"start":{"line":45,"column":10},"end":{"line":45,"column":37}},"22":{"start":{"line":47,"column":10},"end":{"line":47,"column":29}},"23":{"start":{"line":48,"column":10},"end":{"line":48,"column":46}},"24":{"start":{"line":54,"column":8},"end":{"line":54,"column":28}},"25":{"start":{"line":55,"column":8},"end":{"line":55,"column":48}},"26":{"start":{"line":59,"column":8},"end":{"line":59,"column":31}},"27":{"start":{"line":60,"column":8},"end":{"line":66,"column":9}},"28":{"start":{"line":61,"column":10},"end":{"line":61,"column":64}},"29":{"start":{"line":62,"column":10},"end":{"line":62,"column":40}},"30":{"start":{"line":64,"column":10},"end":{"line":64,"column":29}},"31":{"start":{"line":65,"column":10},"end":{"line":65,"column":46}},"32":{"start":{"line":71,"column":0},"end":{"line":71,"column":30}}},"fnMap":{"0":{"name":"(anonymous_7)","decl":{"start":{"line":6,"column":4},"end":{"line":6,"column":16}},"loc":{"start":{"line":6,"column":52},"end":{"line":8,"column":5}}},"1":{"name":"(anonymous_8)","decl":{"start":{"line":9,"column":10},"end":{"line":9,"column":13}},"loc":{"start":{"line":9,"column":41},"end":{"line":23,"column":null}}},"2":{"name":"(anonymous_10)","decl":{"start":{"line":25,"column":12},"end":{"line":25,"column":19}},"loc":{"start":{"line":25,"column":47},"end":{"line":39,"column":null}}},"3":{"name":"(anonymous_12)","decl":{"start":{"line":41,"column":10},"end":{"line":41,"column":14}},"loc":{"start":{"line":41,"column":42},"end":{"line":50,"column":null}}},"4":{"name":"(anonymous_14)","decl":{"start":{"line":53,"column":10},"end":{"line":53,"column":13}},"loc":{"start":{"line":53,"column":41},"end":{"line":56,"column":null}}},"5":{"name":"(anonymous_16)","decl":{"start":{"line":58,"column":10},"end":{"line":58,"column":16}},"loc":{"start":{"line":58,"column":44},"end":{"line":67,"column":null}}}},"branchMap":{"0":{"loc":{"start":{"line":12,"column":10},"end":{"line":18,"column":11}},"type":"if","locations":[{"start":{"line":12,"column":10},"end":{"line":18,"column":11}},{"start":{"line":15,"column":17},"end":{"line":18,"column":11}}]},"1":{"loc":{"start":{"line":29,"column":10},"end":{"line":34,"column":11}},"type":"if","locations":[{"start":{"line":29,"column":10},"end":{"line":34,"column":11}},{"start":{"line":32,"column":15},"end":{"line":34,"column":11}}]}},"s":{"0":6,"1":6,"2":6,"3":6,"4":0,"5":0,"6":6,"7":6,"8":0,"9":0,"10":3,"11":3,"12":3,"13":3,"14":2,"15":1,"16":0,"17":0,"18":2,"19":2,"20":2,"21":2,"22":0,"23":0,"24":0,"25":0,"26":1,"27":1,"28":1,"29":1,"30":0,"31":0,"32":3},"f":{"0":6,"1":6,"2":3,"3":2,"4":0,"5":1},"b":{"0":[0,6],"1":[2,1]}}
,"C:\\Shira\\SCE_2024\\SCE_backend\\src\\controllers\\post_controller.ts": {"path":"C:\\Shira\\SCE_2024\\SCE_backend\\src\\controllers\\post_controller.ts","statementMap":{"0":{"start":{"line":1,"column":0},"end":{"line":1,"column":47}},"1":{"start":{"line":2,"column":0},"end":{"line":2,"column":51}},"2":{"start":{"line":7,"column":8},"end":{"line":7,"column":20}},"3":{"start":{"line":11,"column":8},"end":{"line":11,"column":43}},"4":{"start":{"line":12,"column":8},"end":{"line":12,"column":29}},"5":{"start":{"line":16,"column":0},"end":{"line":16,"column":36}}},"fnMap":{"0":{"name":"(anonymous_8)","decl":{"start":{"line":6,"column":4},"end":{"line":6,"column":null}},"loc":{"start":{"line":6,"column":4},"end":{"line":8,"column":5}}},"1":{"name":"(anonymous_9)","decl":{"start":{"line":10,"column":10},"end":{"line":10,"column":14}},"loc":{"start":{"line":10,"column":42},"end":{"line":13,"column":null}}}},"branchMap":{},"s":{"0":3,"1":3,"2":3,"3":1,"4":1,"5":3},"f":{"0":3,"1":1},"b":{}}
,"C:\\Shira\\SCE_2024\\SCE_backend\\src\\controllers\\student_controller.ts": {"path":"C:\\Shira\\SCE_2024\\SCE_backend\\src\\controllers\\student_controller.ts","statementMap":{"0":{"start":{"line":1,"column":0},"end":{"line":1,"column":46}},"1":{"start":{"line":2,"column":0},"end":{"line":2,"column":47}},"2":{"start":{"line":7,"column":8},"end":{"line":7,"column":23}},"3":{"start":{"line":14,"column":0},"end":{"line":14,"column":37}}},"fnMap":{"0":{"name":"(anonymous_1)","decl":{"start":{"line":6,"column":4},"end":{"line":6,"column":null}},"loc":{"start":{"line":6,"column":4},"end":{"line":8,"column":5}}}},"branchMap":{},"s":{"0":3,"1":3,"2":3,"3":3},"f":{"0":3},"b":{}}
,"C:\\Shira\\SCE_2024\\SCE_backend\\src\\models\\post_model.ts": {"path":"C:\\Shira\\SCE_2024\\SCE_backend\\src\\models\\post_model.ts","statementMap":{"0":{"start":{"line":1,"column":0},"end":{"line":1,"column":32}},"1":{"start":{"line":9,"column":19},"end":{"line":22,"column":2}},"2":{"start":{"line":24,"column":0},"end":{"line":24,"column":57}}},"fnMap":{},"branchMap":{},"s":{"0":3,"1":3,"2":3},"f":{},"b":{}}
,"C:\\Shira\\SCE_2024\\SCE_backend\\src\\models\\student_model.ts": {"path":"C:\\Shira\\SCE_2024\\SCE_backend\\src\\models\\student_model.ts","statementMap":{"0":{"start":{"line":1,"column":0},"end":{"line":1,"column":32}},"1":{"start":{"line":7,"column":22},"end":{"line":20,"column":2}},"2":{"start":{"line":22,"column":0},"end":{"line":22,"column":66}}},"fnMap":{},"branchMap":{},"s":{"0":3,"1":3,"2":3},"f":{},"b":{}}
,"C:\\Shira\\SCE_2024\\SCE_backend\\src\\models\\user_model.ts": {"path":"C:\\Shira\\SCE_2024\\SCE_backend\\src\\models\\user_model.ts","statementMap":{"0":{"start":{"line":1,"column":0},"end":{"line":1,"column":32}},"1":{"start":{"line":9,"column":19},"end":{"line":21,"column":2}},"2":{"start":{"line":23,"column":0},"end":{"line":23,"column":57}}},"fnMap":{},"branchMap":{},"s":{"0":3,"1":3,"2":3},"f":{},"b":{}}
,"C:\\Shira\\SCE_2024\\SCE_backend\\src\\routes\\auth_route.ts": {"path":"C:\\Shira\\SCE_2024\\SCE_backend\\src\\routes\\auth_route.ts","statementMap":{"0":{"start":{"line":1,"column":0},"end":{"line":1,"column":30}},"1":{"start":{"line":2,"column":0},"end":{"line":2,"column":61}},"2":{"start":{"line":3,"column":15},"end":{"line":3,"column":31}},"3":{"start":{"line":5,"column":0},"end":{"line":5,"column":51}},"4":{"start":{"line":7,"column":0},"end":{"line":7,"column":45}},"5":{"start":{"line":9,"column":0},"end":{"line":9,"column":47}},"6":{"start":{"line":11,"column":0},"end":{"line":11,"column":48}},"7":{"start":{"line":13,"column":0},"end":{"line":13,"column":22}}},"fnMap":{},"branchMap":{},"s":{"0":3,"1":3,"2":3,"3":3,"4":3,"5":3,"6":3,"7":3},"f":{},"b":{}}
,"C:\\Shira\\SCE_2024\\SCE_backend\\src\\routes\\post_route.ts": {"path":"C:\\Shira\\SCE_2024\\SCE_backend\\src\\routes\\post_route.ts","statementMap":{"0":{"start":{"line":1,"column":0},"end":{"line":1,"column":30}},"1":{"start":{"line":2,"column":15},"end":{"line":2,"column":31}},"2":{"start":{"line":3,"column":0},"end":{"line":3,"column":60}},"3":{"start":{"line":4,"column":0},"end":{"line":4,"column":55}},"4":{"start":{"line":6,"column":0},"end":{"line":6,"column":57}},"5":{"start":{"line":8,"column":0},"end":{"line":8,"column":64}},"6":{"start":{"line":10,"column":0},"end":{"line":10,"column":75}},"7":{"start":{"line":12,"column":0},"end":{"line":12,"column":60}},"8":{"start":{"line":14,"column":0},"end":{"line":14,"column":66}},"9":{"start":{"line":16,"column":0},"end":{"line":16,"column":22}}},"fnMap":{},"branchMap":{},"s":{"0":3,"1":3,"2":3,"3":3,"4":3,"5":3,"6":3,"7":3,"8":3,"9":3},"f":{},"b":{}}
,"C:\\Shira\\SCE_2024\\SCE_backend\\src\\routes\\student_route.ts": {"path":"C:\\Shira\\SCE_2024\\SCE_backend\\src\\routes\\student_route.ts","statementMap":{"0":{"start":{"line":1,"column":0},"end":{"line":1,"column":30}},"1":{"start":{"line":2,"column":15},"end":{"line":2,"column":31}},"2":{"start":{"line":3,"column":0},"end":{"line":3,"column":66}},"3":{"start":{"line":4,"column":0},"end":{"line":4,"column":55}},"4":{"start":{"line":6,"column":0},"end":{"line":6,"column":79}},"5":{"start":{"line":8,"column":0},"end":{"line":8,"column":86}},"6":{"start":{"line":10,"column":0},"end":{"line":10,"column":81}},"7":{"start":{"line":12,"column":0},"end":{"line":12,"column":82}},"8":{"start":{"line":14,"column":0},"end":{"line":14,"column":88}},"9":{"start":{"line":16,"column":0},"end":{"line":16,"column":22}}},"fnMap":{},"branchMap":{},"s":{"0":3,"1":3,"2":3,"3":3,"4":3,"5":3,"6":3,"7":3,"8":3,"9":3},"f":{},"b":{}}
}
