{"C:\\Shira\\SCE_2024\\SCE_backend\\src\\App.ts": {"path":"C:\\Shira\\SCE_2024\\SCE_backend\\src\\App.ts","statementMap":{"0":{"start":{"line":1,"column":0},"end":{"line":1,"column":41}},"1":{"start":{"line":2,"column":12},"end":{"line":2,"column":21}},"2":{"start":{"line":3,"column":0},"end":{"line":3,"column":28}},"3":{"start":{"line":4,"column":0},"end":{"line":4,"column":16}},"4":{"start":{"line":5,"column":0},"end":{"line":5,"column":32}},"5":{"start":{"line":6,"column":0},"end":{"line":6,"column":50}},"6":{"start":{"line":7,"column":0},"end":{"line":7,"column":44}},"7":{"start":{"line":8,"column":0},"end":{"line":8,"column":37}},"8":{"start":{"line":10,"column":16},"end":{"line":24,"column":1}},"9":{"start":{"line":11,"column":20},"end":{"line":22,"column":6}},"10":{"start":{"line":12,"column":19},"end":{"line":12,"column":38}},"11":{"start":{"line":13,"column":8},"end":{"line":13,"column":50}},"12":{"start":{"line":13,"column":32},"end":{"line":13,"column":48}},"13":{"start":{"line":14,"column":8},"end":{"line":14,"column":65}},"14":{"start":{"line":14,"column":30},"end":{"line":14,"column":63}},"15":{"start":{"line":15,"column":8},"end":{"line":21,"column":11}},"16":{"start":{"line":16,"column":12},"end":{"line":16,"column":39}},"17":{"start":{"line":17,"column":12},"end":{"line":17,"column":63}},"18":{"start":{"line":18,"column":12},"end":{"line":18,"column":46}},"19":{"start":{"line":19,"column":12},"end":{"line":19,"column":40}},"20":{"start":{"line":20,"column":12},"end":{"line":20,"column":25}},"21":{"start":{"line":23,"column":4},"end":{"line":23,"column":19}},"22":{"start":{"line":25,"column":0},"end":{"line":25,"column":23}}},"fnMap":{"0":{"name":"(anonymous_1)","decl":{"start":{"line":10,"column":16},"end":{"line":10,"column":19}},"loc":{"start":{"line":10,"column":21},"end":{"line":24,"column":1}}},"1":{"name":"(anonymous_2)","decl":{"start":{"line":11,"column":41},"end":{"line":11,"column":42}},"loc":{"start":{"line":11,"column":53},"end":{"line":22,"column":5}}},"2":{"name":"(anonymous_3)","decl":{"start":{"line":13,"column":23},"end":{"line":13,"column":24}},"loc":{"start":{"line":13,"column":32},"end":{"line":13,"column":48}}},"3":{"name":"(anonymous_4)","decl":{"start":{"line":14,"column":24},"end":{"line":14,"column":27}},"loc":{"start":{"line":14,"column":30},"end":{"line":14,"column":63}}},"4":{"name":"(anonymous_5)","decl":{"start":{"line":15,"column":56},"end":{"line":15,"column":59}},"loc":{"start":{"line":15,"column":61},"end":{"line":21,"column":9}}}},"branchMap":{},"s":{"0":2,"1":2,"2":2,"3":2,"4":2,"5":2,"6":2,"7":2,"8":2,"9":2,"10":2,"11":2,"12":0,"13":2,"14":2,"15":2,"16":2,"17":2,"18":2,"19":2,"20":2,"21":2,"22":2},"f":{"0":2,"1":2,"2":0,"3":2,"4":2},"b":{}}
,"C:\\Shira\\SCE_2024\\SCE_backend\\src\\controllers\\base_controller.ts": {"path":"C:\\Shira\\SCE_2024\\SCE_backend\\src\\controllers\\base_controller.ts","statementMap":{"0":{"start":{"line":7,"column":8},"end":{"line":7,"column":35}},"1":{"start":{"line":10,"column":8},"end":{"line":10,"column":27}},"2":{"start":{"line":11,"column":8},"end":{"line":22,"column":9}},"3":{"start":{"line":12,"column":10},"end":{"line":18,"column":11}},"4":{"start":{"line":13,"column":26},"end":{"line":13,"column":77}},"5":{"start":{"line":14,"column":13},"end":{"line":14,"column":40}},"6":{"start":{"line":16,"column":27},"end":{"line":16,"column":54}},"7":{"start":{"line":17,"column":14},"end":{"line":17,"column":41}},"8":{"start":{"line":20,"column":10},"end":{"line":20,"column":29}},"9":{"start":{"line":21,"column":10},"end":{"line":21,"column":46}},"10":{"start":{"line":26,"column":8},"end":{"line":26,"column":32}},"11":{"start":{"line":27,"column":8},"end":{"line":38,"column":9}},"12":{"start":{"line":28,"column":23},"end":{"line":28,"column":67}},"13":{"start":{"line":29,"column":10},"end":{"line":34,"column":11}},"14":{"start":{"line":30,"column":12},"end":{"line":30,"column":46}},"15":{"start":{"line":33,"column":12},"end":{"line":33,"column":39}},"16":{"start":{"line":36,"column":10},"end":{"line":36,"column":29}},"17":{"start":{"line":37,"column":10},"end":{"line":37,"column":46}},"18":{"start":{"line":42,"column":8},"end":{"line":42,"column":30}},"19":{"start":{"line":43,"column":8},"end":{"line":49,"column":9}},"20":{"start":{"line":44,"column":23},"end":{"line":44,"column":60}},"21":{"start":{"line":45,"column":10},"end":{"line":45,"column":37}},"22":{"start":{"line":47,"column":10},"end":{"line":47,"column":29}},"23":{"start":{"line":48,"column":10},"end":{"line":48,"column":46}},"24":{"start":{"line":54,"column":8},"end":{"line":54,"column":28}},"25":{"start":{"line":55,"column":8},"end":{"line":55,"column":48}},"26":{"start":{"line":59,"column":8},"end":{"line":59,"column":31}},"27":{"start":{"line":60,"column":8},"end":{"line":66,"column":9}},"28":{"start":{"line":61,"column":10},"end":{"line":61,"column":64}},"29":{"start":{"line":62,"column":10},"end":{"line":62,"column":40}},"30":{"start":{"line":64,"column":10},"end":{"line":64,"column":29}},"31":{"start":{"line":65,"column":10},"end":{"line":65,"column":46}},"32":{"start":{"line":71,"column":0},"end":{"line":71,"column":30}}},"fnMap":{"0":{"name":"(anonymous_7)","decl":{"start":{"line":6,"column":4},"end":{"line":6,"column":16}},"loc":{"start":{"line":6,"column":52},"end":{"line":8,"column":5}}},"1":{"name":"(anonymous_8)","decl":{"start":{"line":9,"column":10},"end":{"line":9,"column":13}},"loc":{"start":{"line":9,"column":41},"end":{"line":23,"column":null}}},"2":{"name":"(anonymous_10)","decl":{"start":{"line":25,"column":12},"end":{"line":25,"column":19}},"loc":{"start":{"line":25,"column":47},"end":{"line":39,"column":null}}},"3":{"name":"(anonymous_12)","decl":{"start":{"line":41,"column":10},"end":{"line":41,"column":14}},"loc":{"start":{"line":41,"column":42},"end":{"line":50,"column":null}}},"4":{"name":"(anonymous_14)","decl":{"start":{"line":53,"column":10},"end":{"line":53,"column":13}},"loc":{"start":{"line":53,"column":41},"end":{"line":56,"column":null}}},"5":{"name":"(anonymous_16)","decl":{"start":{"line":58,"column":10},"end":{"line":58,"column":16}},"loc":{"start":{"line":58,"column":44},"end":{"line":67,"column":null}}}},"branchMap":{"0":{"loc":{"start":{"line":12,"column":10},"end":{"line":18,"column":11}},"type":"if","locations":[{"start":{"line":12,"column":10},"end":{"line":18,"column":11}},{"start":{"line":15,"column":17},"end":{"line":18,"column":11}}]},"1":{"loc":{"start":{"line":29,"column":10},"end":{"line":34,"column":11}},"type":"if","locations":[{"start":{"line":29,"column":10},"end":{"line":34,"column":11}},{"start":{"line":32,"column":15},"end":{"line":34,"column":11}}]}},"s":{"0":4,"1":3,"2":3,"3":3,"4":0,"5":0,"6":3,"7":3,"8":0,"9":0,"10":3,"11":3,"12":3,"13":3,"14":2,"15":1,"16":0,"17":0,"18":1,"19":1,"20":1,"21":1,"22":0,"23":0,"24":0,"25":0,"26":1,"27":1,"28":1,"29":1,"30":0,"31":0,"32":2},"f":{"0":4,"1":3,"2":3,"3":1,"4":0,"5":1},"b":{"0":[0,3],"1":[2,1]}}
,"C:\\Shira\\SCE_2024\\SCE_backend\\src\\controllers\\post_controller.ts": {"path":"C:\\Shira\\SCE_2024\\SCE_backend\\src\\controllers\\post_controller.ts","statementMap":{"0":{"start":{"line":1,"column":0},"end":{"line":1,"column":47}},"1":{"start":{"line":2,"column":0},"end":{"line":2,"column":51}},"2":{"start":{"line":4,"column":23},"end":{"line":4,"column":54}},"3":{"start":{"line":6,"column":0},"end":{"line":6,"column":30}}},"fnMap":{},"branchMap":{},"s":{"0":2,"1":2,"2":2,"3":2},"f":{},"b":{}}
,"C:\\Shira\\SCE_2024\\SCE_backend\\src\\controllers\\student_controller.ts": {"path":"C:\\Shira\\SCE_2024\\SCE_backend\\src\\controllers\\student_controller.ts","statementMap":{"0":{"start":{"line":1,"column":0},"end":{"line":1,"column":46}},"1":{"start":{"line":2,"column":0},"end":{"line":2,"column":47}},"2":{"start":{"line":7,"column":8},"end":{"line":7,"column":23}},"3":{"start":{"line":14,"column":0},"end":{"line":14,"column":37}}},"fnMap":{"0":{"name":"(anonymous_1)","decl":{"start":{"line":6,"column":4},"end":{"line":6,"column":null}},"loc":{"start":{"line":6,"column":4},"end":{"line":8,"column":5}}}},"branchMap":{},"s":{"0":2,"1":2,"2":2,"3":2},"f":{"0":2},"b":{}}
,"C:\\Shira\\SCE_2024\\SCE_backend\\src\\models\\post_model.ts": {"path":"C:\\Shira\\SCE_2024\\SCE_backend\\src\\models\\post_model.ts","statementMap":{"0":{"start":{"line":1,"column":0},"end":{"line":1,"column":32}},"1":{"start":{"line":9,"column":19},"end":{"line":22,"column":2}},"2":{"start":{"line":24,"column":0},"end":{"line":24,"column":57}}},"fnMap":{},"branchMap":{},"s":{"0":2,"1":2,"2":2},"f":{},"b":{}}
,"C:\\Shira\\SCE_2024\\SCE_backend\\src\\models\\student_model.ts": {"path":"C:\\Shira\\SCE_2024\\SCE_backend\\src\\models\\student_model.ts","statementMap":{"0":{"start":{"line":1,"column":0},"end":{"line":1,"column":32}},"1":{"start":{"line":7,"column":22},"end":{"line":20,"column":2}},"2":{"start":{"line":22,"column":0},"end":{"line":22,"column":66}}},"fnMap":{},"branchMap":{},"s":{"0":2,"1":2,"2":2},"f":{},"b":{}}
,"C:\\Shira\\SCE_2024\\SCE_backend\\src\\routes\\post_route.ts": {"path":"C:\\Shira\\SCE_2024\\SCE_backend\\src\\routes\\post_route.ts","statementMap":{"0":{"start":{"line":1,"column":0},"end":{"line":1,"column":30}},"1":{"start":{"line":2,"column":15},"end":{"line":2,"column":31}},"2":{"start":{"line":3,"column":0},"end":{"line":3,"column":60}},"3":{"start":{"line":5,"column":0},"end":{"line":5,"column":57}},"4":{"start":{"line":7,"column":0},"end":{"line":7,"column":64}},"5":{"start":{"line":9,"column":0},"end":{"line":9,"column":59}},"6":{"start":{"line":11,"column":0},"end":{"line":11,"column":60}},"7":{"start":{"line":13,"column":0},"end":{"line":13,"column":66}},"8":{"start":{"line":15,"column":0},"end":{"line":15,"column":22}}},"fnMap":{},"branchMap":{},"s":{"0":2,"1":2,"2":2,"3":2,"4":2,"5":2,"6":2,"7":2,"8":2},"f":{},"b":{}}
,"C:\\Shira\\SCE_2024\\SCE_backend\\src\\routes\\student_route.ts": {"path":"C:\\Shira\\SCE_2024\\SCE_backend\\src\\routes\\student_route.ts","statementMap":{"0":{"start":{"line":1,"column":0},"end":{"line":1,"column":30}},"1":{"start":{"line":2,"column":15},"end":{"line":2,"column":31}},"2":{"start":{"line":3,"column":0},"end":{"line":3,"column":66}},"3":{"start":{"line":5,"column":0},"end":{"line":5,"column":63}},"4":{"start":{"line":7,"column":0},"end":{"line":7,"column":70}},"5":{"start":{"line":9,"column":0},"end":{"line":9,"column":65}},"6":{"start":{"line":11,"column":0},"end":{"line":11,"column":66}},"7":{"start":{"line":13,"column":0},"end":{"line":13,"column":72}},"8":{"start":{"line":15,"column":0},"end":{"line":15,"column":22}}},"fnMap":{},"branchMap":{},"s":{"0":2,"1":2,"2":2,"3":2,"4":2,"5":2,"6":2,"7":2,"8":2},"f":{},"b":{}}
}
