TN:
SF:src\App.ts
FN:10,(anonymous_1)
FN:11,(anonymous_2)
FN:13,(anonymous_3)
FN:14,(anonymous_4)
FN:15,(anonymous_5)
FNF:5
FNH:4
FNDA:2,(anonymous_1)
FNDA:2,(anonymous_2)
FNDA:0,(anonymous_3)
FNDA:2,(anonymous_4)
FNDA:2,(anonymous_5)
DA:1,2
DA:2,2
DA:3,2
DA:4,2
DA:5,2
DA:6,2
DA:7,2
DA:8,2
DA:10,2
DA:11,2
DA:12,2
DA:13,2
DA:14,2
DA:15,2
DA:16,2
DA:17,2
DA:18,2
DA:19,2
DA:20,2
DA:23,2
DA:25,2
LF:21
LH:21
BRF:0
BRH:0
end_of_record
TN:
SF:src\controllers\base_controller.ts
FN:6,(anonymous_7)
FN:9,(anonymous_8)
FN:25,(anonymous_10)
FN:41,(anonymous_12)
FN:53,(anonymous_14)
FN:58,(anonymous_16)
FNF:6
FNH:5
FNDA:4,(anonymous_7)
FNDA:3,(anonymous_8)
FNDA:3,(anonymous_10)
FNDA:1,(anonymous_12)
FNDA:0,(anonymous_14)
FNDA:1,(anonymous_16)
DA:7,4
DA:10,3
DA:11,3
DA:12,3
DA:13,0
DA:14,0
DA:16,3
DA:17,3
DA:20,0
DA:21,0
DA:26,3
DA:27,3
DA:28,3
DA:29,3
DA:30,2
DA:33,1
DA:36,0
DA:37,0
DA:42,1
DA:43,1
DA:44,1
DA:45,1
DA:47,0
DA:48,0
DA:54,0
DA:55,0
DA:59,1
DA:60,1
DA:61,1
DA:62,1
DA:64,0
DA:65,0
DA:71,2
LF:33
LH:21
BRDA:12,0,0,0
BRDA:12,0,1,3
BRDA:29,1,0,2
BRDA:29,1,1,1
BRF:4
BRH:3
end_of_record
TN:
SF:src\controllers\post_controller.ts
FNF:0
FNH:0
DA:1,2
DA:2,2
DA:4,2
DA:6,2
LF:4
LH:4
BRF:0
BRH:0
end_of_record
TN:
SF:src\controllers\student_controller.ts
FN:6,(anonymous_1)
FNF:1
FNH:1
FNDA:2,(anonymous_1)
DA:1,2
DA:2,2
DA:7,2
DA:14,2
LF:4
LH:4
BRF:0
BRH:0
end_of_record
TN:
SF:src\models\post_model.ts
FNF:0
FNH:0
DA:1,2
DA:9,2
DA:24,2
LF:3
LH:3
BRF:0
BRH:0
end_of_record
TN:
SF:src\models\student_model.ts
FNF:0
FNH:0
DA:1,2
DA:7,2
DA:22,2
LF:3
LH:3
BRF:0
BRH:0
end_of_record
TN:
SF:src\routes\post_route.ts
FNF:0
FNH:0
DA:1,2
DA:2,2
DA:3,2
DA:5,2
DA:7,2
DA:9,2
DA:11,2
DA:13,2
DA:15,2
LF:9
LH:9
BRF:0
BRH:0
end_of_record
TN:
SF:src\routes\student_route.ts
FNF:0
FNH:0
DA:1,2
DA:2,2
DA:3,2
DA:5,2
DA:7,2
DA:9,2
DA:11,2
DA:13,2
DA:15,2
LF:9
LH:9
BRF:0
BRH:0
end_of_record
