TN:
SF:src\App.ts
FN:11,(anonymous_1)
FN:12,(anonymous_2)
FN:14,(anonymous_3)
FN:15,(anonymous_4)
FN:16,(anonymous_5)
FNF:5
FNH:4
FNDA:3,(anonymous_1)
FNDA:3,(anonymous_2)
FNDA:0,(anonymous_3)
FNDA:3,(anonymous_4)
FNDA:3,(anonymous_5)
DA:1,3
DA:2,3
DA:3,3
DA:4,3
DA:5,3
DA:6,3
DA:7,3
DA:8,3
DA:9,3
DA:11,3
DA:12,3
DA:13,3
DA:14,3
DA:15,3
DA:16,3
DA:17,3
DA:18,3
DA:19,3
DA:20,3
DA:21,3
DA:22,3
DA:25,3
DA:27,3
LF:23
LH:23
BRF:0
BRH:0
end_of_record
TN:
SF:src\common\auth_middleware.ts
FN:4,(anonymous_8)
FN:4,(anonymous_9)
FN:13,(anonymous_10)
FNF:3
FNH:3
FNDA:13,(anonymous_8)
FNDA:13,(anonymous_9)
FNDA:13,(anonymous_10)
DA:2,3
DA:4,13
DA:5,13
DA:6,13
DA:7,13
DA:9,13
DA:10,0
DA:13,13
DA:14,13
DA:15,2
DA:17,11
DA:18,11
DA:22,3
LF:13
LH:12
BRDA:7,0,0,13
BRDA:7,0,1,13
BRDA:9,1,0,0
BRDA:14,2,0,2
BRF:4
BRH:3
end_of_record
TN:
SF:src\controllers\auth_controller.ts
FN:6,(anonymous_8)
FN:6,(anonymous_9)
FN:36,(anonymous_10)
FN:54,(anonymous_11)
FN:54,(anonymous_12)
FN:94,(anonymous_13)
FN:98,(anonymous_14)
FN:98,(anonymous_15)
FN:108,(anonymous_16)
FN:108,(anonymous_17)
FN:127,(anonymous_18)
FNF:11
FNH:10
FNDA:3,(anonymous_8)
FNDA:3,(anonymous_9)
FNDA:7,(anonymous_10)
FNDA:4,(anonymous_11)
FNDA:4,(anonymous_12)
FNDA:0,(anonymous_13)
FNDA:5,(anonymous_14)
FNDA:5,(anonymous_15)
FNDA:5,(anonymous_16)
FNDA:5,(anonymous_17)
FNDA:6,(anonymous_18)
DA:2,3
DA:3,3
DA:4,3
DA:6,3
DA:7,3
DA:8,3
DA:9,3
DA:11,3
DA:12,0
DA:15,3
DA:16,3
DA:17,3
DA:18,0
DA:20,3
DA:21,3
DA:23,3
DA:28,3
DA:30,0
DA:31,0
DA:36,3
DA:37,7
DA:43,7
DA:48,7
DA:54,4
DA:55,4
DA:57,4
DA:58,4
DA:60,4
DA:61,0
DA:64,4
DA:65,4
DA:67,4
DA:68,0
DA:71,4
DA:72,4
DA:73,0
DA:76,4
DA:78,4
DA:79,0
DA:81,4
DA:83,4
DA:84,4
DA:89,0
DA:90,0
DA:94,3
DA:95,0
DA:98,5
DA:100,5
DA:101,5
DA:103,5
DA:104,0
DA:108,5
DA:109,5
DA:110,0
DA:113,5
DA:114,5
DA:115,5
DA:116,2
DA:117,2
DA:118,2
DA:120,2
DA:124,3
DA:127,6
DA:128,3
DA:129,3
DA:132,3
DA:137,0
DA:138,0
DA:143,3
LF:69
LH:54
BRDA:11,0,0,0
BRDA:11,1,0,3
BRDA:11,1,1,3
BRDA:17,2,0,0
BRDA:60,3,0,0
BRDA:60,4,0,4
BRDA:60,4,1,4
BRDA:67,5,0,0
BRDA:72,6,0,0
BRDA:78,7,0,0
BRDA:78,7,1,4
BRDA:101,8,0,5
BRDA:101,8,1,5
BRDA:103,9,0,0
BRDA:109,10,0,0
BRDA:115,11,0,2
BRDA:115,12,0,5
BRDA:115,12,1,5
BRDA:115,12,2,5
BRDA:116,13,0,2
BRF:20
BRH:12
end_of_record
TN:
SF:src\controllers\base_controller.ts
FN:6,(anonymous_7)
FN:9,(anonymous_8)
FN:25,(anonymous_10)
FN:41,(anonymous_12)
FN:53,(anonymous_14)
FN:58,(anonymous_16)
FNF:6
FNH:5
FNDA:6,(anonymous_7)
FNDA:6,(anonymous_8)
FNDA:3,(anonymous_10)
FNDA:2,(anonymous_12)
FNDA:0,(anonymous_14)
FNDA:1,(anonymous_16)
DA:7,6
DA:10,6
DA:11,6
DA:12,6
DA:13,0
DA:14,0
DA:16,6
DA:17,6
DA:20,0
DA:21,0
DA:26,3
DA:27,3
DA:28,3
DA:29,3
DA:30,2
DA:33,1
DA:36,0
DA:37,0
DA:42,2
DA:43,2
DA:44,2
DA:45,2
DA:47,0
DA:48,0
DA:54,0
DA:55,0
DA:59,1
DA:60,1
DA:61,1
DA:62,1
DA:64,0
DA:65,0
DA:71,3
LF:33
LH:21
BRDA:12,0,0,0
BRDA:12,0,1,6
BRDA:29,1,0,2
BRDA:29,1,1,1
BRF:4
BRH:3
end_of_record
TN:
SF:src\controllers\post_controller.ts
FN:6,(anonymous_8)
FN:10,(anonymous_9)
FNF:2
FNH:2
FNDA:3,(anonymous_8)
FNDA:1,(anonymous_9)
DA:1,3
DA:2,3
DA:7,3
DA:11,1
DA:12,1
DA:16,3
LF:6
LH:6
BRF:0
BRH:0
end_of_record
TN:
SF:src\controllers\student_controller.ts
FN:6,(anonymous_1)
FNF:1
FNH:1
FNDA:3,(anonymous_1)
DA:1,3
DA:2,3
DA:7,3
DA:14,3
LF:4
LH:4
BRF:0
BRH:0
end_of_record
TN:
SF:src\models\post_model.ts
FNF:0
FNH:0
DA:1,3
DA:9,3
DA:24,3
LF:3
LH:3
BRF:0
BRH:0
end_of_record
TN:
SF:src\models\student_model.ts
FNF:0
FNH:0
DA:1,3
DA:7,3
DA:22,3
LF:3
LH:3
BRF:0
BRH:0
end_of_record
TN:
SF:src\models\user_model.ts
FNF:0
FNH:0
DA:1,3
DA:9,3
DA:23,3
LF:3
LH:3
BRF:0
BRH:0
end_of_record
TN:
SF:src\routes\auth_route.ts
FNF:0
FNH:0
DA:1,3
DA:2,3
DA:3,3
DA:5,3
DA:7,3
DA:9,3
DA:11,3
DA:13,3
LF:8
LH:8
BRF:0
BRH:0
end_of_record
TN:
SF:src\routes\post_route.ts
FNF:0
FNH:0
DA:1,3
DA:2,3
DA:3,3
DA:4,3
DA:6,3
DA:8,3
DA:10,3
DA:12,3
DA:14,3
DA:16,3
LF:10
LH:10
BRF:0
BRH:0
end_of_record
TN:
SF:src\routes\student_route.ts
FNF:0
FNH:0
DA:1,3
DA:2,3
DA:3,3
DA:4,3
DA:6,3
DA:8,3
DA:10,3
DA:12,3
DA:14,3
DA:16,3
LF:10
LH:10
BRF:0
BRH:0
end_of_record
